Arguments: 
  C:\Program Files\nodejs\node.exe C:\Program Files (x86)\Yarn\bin\yarn.js install

PATH: 
  C:\Program Files (x86)\Common Files\Intel\Shared Files\cpp\bin\Intel64;C:\Windows\system32;C:\Windows;C:\Windows\System32\Wbem;C:\Windows\System32\WindowsPowerShell\v1.0\;C:\Program Files (x86)\NVIDIA Corporation\PhysX\Common;C:\Program Files\Microsoft SQL Server\120\Tools\Binn\;C:\Windows\system32\config\systemprofile\.dnx\bin;C:\Program Files\Microsoft DNX\Dnvm\;C:\ProgramData\chocolatey\bin;C:\Program Files (x86)\Yarn\bin\;C:\Program Files\Git\cmd;C:\Program Files\nodejs\;C:\flutter\flutter\bin;C:\Users\MEDION PC\AppData\Local\Programs\Microsoft VS Code\bin;C:\Users\MEDION PC\AppData\Local\Yarn\bin;C:\Program Files\heroku\bin;C:\Users\MEDION PC\AppData\Roaming\npm

Yarn version: 
  1.22.5

Node version: 
  14.17.1

Platform: 
  win32 x64

Trace: 
  Error: getaddrinfo ENOTFOUND registry.yarnpkg.com
      at GetAddrInfoReqWrap.onlookup [as oncomplete] (dns.js:69:26)

npm manifest: 
  {
    "main": "node_modules/expo/AppEntry.js",
    "scripts": {
      "start": "expo start",
      "android": "expo start --android",
      "ios": "expo start --ios",
      "web": "expo start --web",
      "eject": "expo eject"
    },
    "dependencies": {
      "@react-native-community/masked-view": "0.1.10",
      "@react-navigation/bottom-tabs": "^5.11.8",
      "@react-navigation/native": "^5.9.3",
      "@react-navigation/stack": "^5.14.3",
      "expo": "~40.0.0",
      "expo-font": "~8.4.0",
      "expo-status-bar": "~1.0.3",
      "react": "16.13.1",
      "react-dom": "16.13.1",
      "react-native": "https://github.com/expo/react-native/archive/sdk-40.0.1.tar.gz",
      "react-native-gesture-handler": "~1.8.0",
      "react-native-iphone-x-helper": "^1.3.1",
      "react-native-maps": "0.27.1",
      "react-native-maps-directions": "^1.8.0",
      "react-native-reanimated": "~1.13.0",
      "react-native-safe-area-context": "3.1.9",
      "react-native-screens": "~2.15.2",
      "react-native-svg": "12.1.0",
      "react-native-web": "~0.13.12"
    },
    "devDependencies": {
      "@babel/core": "~7.9.0"
    },
    "private": true
  }

yarn manifest: 
  No manifest

Lockfile: 
  No lockfile
